DEBUG:root:Dispatch time for order a8cfcb76-7f24-4420-a5ba-d46dd77bdffd is 4
DEBUG:root:Dispatch time for order 58e9b5fe-3fde-4a27-8e98-682e58a4a65d is 2
DEBUG:root:Dispatch time for order 2ec069e3-576f-48eb-869f-74a540ef840c is 2
DEBUG:root:Dispatch time for order 690b85f7-8c7d-4337-bd02-04e04454c826 is 3
DEBUG:root:Picking up order 58e9b5fe-3fde-4a27-8e98-682e58a4a65d
DEBUG:root:Dispatch time for order 972aa5b8-5d83-4d5e-8cf3-8a1a1437b18a is 4
DEBUG:root:Dispatch time for order c18e1242-0856-4203-a98c-7066ead3bd6b is 4
DEBUG:root:Picking up order 2ec069e3-576f-48eb-869f-74a540ef840c
DEBUG:root:Dispatch time for order 66a2611c-9a93-4ccd-bb85-98f423247bf9 is 3
DEBUG:root:Dispatch time for order 4cc9d503-4e0e-42a3-b200-87c785468df9 is 4
DEBUG:root:Picking up order a8cfcb76-7f24-4420-a5ba-d46dd77bdffd
DEBUG:root:Picking up order 690b85f7-8c7d-4337-bd02-04e04454c826
DEBUG:root:Dispatch time for order 0a6537d7-9568-400e-9857-7aceb4e7347c is 3
DEBUG:root:Dispatch time for order 74e0893f-8544-4298-b507-9cf5ab847d83 is 2
DEBUG:root:Dispatch time for order 7a5ea4ed-e378-4354-8ab3-a09cf563f621 is 2
DEBUG:root:Dispatch time for order 60fbe431-7f7f-46c5-8ecf-6a26ae898685 is 5
DEBUG:root:Picking up order c18e1242-0856-4203-a98c-7066ead3bd6b
DEBUG:root:Picking up order 972aa5b8-5d83-4d5e-8cf3-8a1a1437b18a
DEBUG:root:Picking up order 66a2611c-9a93-4ccd-bb85-98f423247bf9
DEBUG:root:Picking up order 74e0893f-8544-4298-b507-9cf5ab847d83
DEBUG:root:Dispatch time for order 2e7f4153-92cb-43e2-96f4-d77e2f25422b is 2
DEBUG:root:Dispatch time for order d4ead98f-a158-429c-9c0d-28ab0fa830a6 is 5
DEBUG:root:Picking up order 4cc9d503-4e0e-42a3-b200-87c785468df9
DEBUG:root:Picking up order 0a6537d7-9568-400e-9857-7aceb4e7347c
DEBUG:root:Picking up order 7a5ea4ed-e378-4354-8ab3-a09cf563f621
DEBUG:root:Dispatch time for order e868e485-c759-411b-b439-ca7086326bf6 is 5
DEBUG:root:Dispatch time for order 2bfc7ca9-d8ea-4625-9a03-6aa4b5fb635e is 4
DEBUG:root:Picking up order 2e7f4153-92cb-43e2-96f4-d77e2f25422b
DEBUG:root:Dispatch time for order 1a4d0e6d-e50e-4ec0-ad5d-0f33e6a724e6 is 5
DEBUG:root:Dispatch time for order a9f8f42f-7a58-4629-8b66-1acbf362f3b8 is 2
DEBUG:root:Dispatch time for order 6d2c9eb3-6ff8-408a-a60d-e60eaa467dae is 3
DEBUG:root:Dispatch time for order 916ddba3-9c25-4065-8a90-ecf5c40c8394 is 2
DEBUG:root:Picking up order 60fbe431-7f7f-46c5-8ecf-6a26ae898685
DEBUG:root:Picking up order a9f8f42f-7a58-4629-8b66-1acbf362f3b8
DEBUG:root:Dispatch time for order 23f5cb3a-fa51-49ad-9e29-83e98d6e7d6f is 4
DEBUG:root:Dispatch time for order c700ab30-d7bd-4e45-aafb-4329876c716c is 4
DEBUG:root:Picking up order d4ead98f-a158-429c-9c0d-28ab0fa830a6
DEBUG:root:Picking up order 2bfc7ca9-d8ea-4625-9a03-6aa4b5fb635e
DEBUG:root:Picking up order 916ddba3-9c25-4065-8a90-ecf5c40c8394
DEBUG:root:Dispatch time for order cf0932a9-533c-4603-bb1e-512c6e697b92 is 4
DEBUG:root:Dispatch time for order ed05dafe-d928-4f1a-856d-1dab3868acbd is 4
DEBUG:root:Picking up order e868e485-c759-411b-b439-ca7086326bf6
DEBUG:root:Picking up order 6d2c9eb3-6ff8-408a-a60d-e60eaa467dae
DEBUG:root:Dispatch time for order 53f012e3-da55-4314-b2e6-28e63f0418ad is 4
DEBUG:root:Dispatch time for order 5dd79771-4536-4eaa-b64c-63ac606f1357 is 2
DEBUG:root:Picking up order 1a4d0e6d-e50e-4ec0-ad5d-0f33e6a724e6
DEBUG:root:Dispatch time for order f84d8263-7aae-4254-85b7-27865ffd76b7 is 5
DEBUG:root:Dispatch time for order f7074980-3424-43d4-9166-f495077a273e is 4
DEBUG:root:Picking up order 23f5cb3a-fa51-49ad-9e29-83e98d6e7d6f
DEBUG:root:Picking up order c700ab30-d7bd-4e45-aafb-4329876c716c
DEBUG:root:Picking up order 5dd79771-4536-4eaa-b64c-63ac606f1357
DEBUG:root:Dispatch time for order dcafe7ca-f7a7-4262-9b14-ab19729b2055 is 3
DEBUG:root:Dispatch time for order 614e4f4d-b2f4-4b60-9421-238f61affe20 is 5
DEBUG:root:Picking up order cf0932a9-533c-4603-bb1e-512c6e697b92
DEBUG:root:Picking up order ed05dafe-d928-4f1a-856d-1dab3868acbd
DEBUG:root:Dispatch time for order d2d2d948-f019-4806-bb7e-bb2172bd75d9 is 2
DEBUG:root:Dispatch time for order 8275f014-ed83-4554-b0ff-0dbdc24e57ad is 4
DEBUG:root:Picking up order 53f012e3-da55-4314-b2e6-28e63f0418ad
DEBUG:root:Dispatch time for order 9687809b-8f4b-4a6f-be3f-6e41e4ced3ed is 3
DEBUG:root:Dispatch time for order e537a1b8-1505-49ae-a71e-a3ab80e8b606 is 3
DEBUG:root:Picking up order f7074980-3424-43d4-9166-f495077a273e
DEBUG:root:Picking up order dcafe7ca-f7a7-4262-9b14-ab19729b2055
DEBUG:root:Picking up order d2d2d948-f019-4806-bb7e-bb2172bd75d9
DEBUG:root:Dispatch time for order 3aaccfce-3dbe-4967-a2fb-b6c06b4de61d is 3
DEBUG:root:Dispatch time for order 1b56ee15-70e7-443e-96cb-0479e9d46381 is 5
DEBUG:root:Picking up order f84d8263-7aae-4254-85b7-27865ffd76b7
DEBUG:root:Dispatch time for order 51c5017b-f812-40ac-8d68-87aab3fbab6a is 2
DEBUG:root:Dispatch time for order 9748651e-c3f8-4c4a-9de9-5360467c86a2 is 4
DEBUG:root:Picking up order 614e4f4d-b2f4-4b60-9421-238f61affe20
DEBUG:root:Picking up order 8275f014-ed83-4554-b0ff-0dbdc24e57ad
DEBUG:root:Picking up order 9687809b-8f4b-4a6f-be3f-6e41e4ced3ed
DEBUG:root:Picking up order e537a1b8-1505-49ae-a71e-a3ab80e8b606
DEBUG:root:Dispatch time for order 345cfefe-692e-4866-986e-99a18bedbf24 is 4
DEBUG:root:Dispatch time for order 87441694-ff97-4d1b-89e3-c4b0b1fd041e is 4
DEBUG:root:Picking up order 3aaccfce-3dbe-4967-a2fb-b6c06b4de61d
DEBUG:root:Picking up order 51c5017b-f812-40ac-8d68-87aab3fbab6a
DEBUG:root:Dispatch time for order 3713d8af-e6a0-4c11-966c-f26786dc602c is 2
DEBUG:root:Dispatch time for order 20343dea-8856-4717-9be9-be1b37d4791f is 5
DEBUG:root:Dispatch time for order 098604b5-a141-4a5f-a2e3-0b653515cc42 is 3
DEBUG:root:Dispatch time for order a5697bad-48d4-46fd-b3bc-64ef2485907a is 4
DEBUG:root:Picking up order 1b56ee15-70e7-443e-96cb-0479e9d46381
DEBUG:root:Picking up order 9748651e-c3f8-4c4a-9de9-5360467c86a2
DEBUG:root:Picking up order 3713d8af-e6a0-4c11-966c-f26786dc602c
DEBUG:root:Dispatch time for order e09f9282-8e05-48a7-8e6e-e23937383735 is 4
DEBUG:root:Dispatch time for order 9df6bbc7-55ee-4f67-8dd1-a9f5ccc56355 is 5
DEBUG:root:Picking up order 345cfefe-692e-4866-986e-99a18bedbf24
DEBUG:root:Picking up order 87441694-ff97-4d1b-89e3-c4b0b1fd041e
DEBUG:root:Dispatch time for order a2b13869-6b7e-4e35-8e11-fa9889d24073 is 4
DEBUG:root:Dispatch time for order 0522c2ec-0242-45e7-8542-f3e98c1384b9 is 2
DEBUG:root:Picking up order 098604b5-a141-4a5f-a2e3-0b653515cc42
DEBUG:root:Dispatch time for order aba0fc48-ec05-422f-aad4-8b8ec4de636d is 5
DEBUG:root:Dispatch time for order 68515b89-96bf-48b6-a07c-68cf17ca3c25 is 4
DEBUG:root:Picking up order 20343dea-8856-4717-9be9-be1b37d4791f
DEBUG:root:Picking up order a5697bad-48d4-46fd-b3bc-64ef2485907a
DEBUG:root:Picking up order 0522c2ec-0242-45e7-8542-f3e98c1384b9
DEBUG:root:Dispatch time for order caf107cc-e6d6-421c-9991-8bcfcc15d5c5 is 4
DEBUG:root:Dispatch time for order 4d308771-a0d6-46e7-8ff1-679ddc1d1aa4 is 3
DEBUG:root:Picking up order e09f9282-8e05-48a7-8e6e-e23937383735
DEBUG:root:Dispatch time for order 78b92574-49cd-4995-b5d0-635b3ced5a18 is 4
DEBUG:root:Dispatch time for order 1fab9088-d99d-47ee-acf5-d0f0851738e4 is 3
DEBUG:root:Picking up order 9df6bbc7-55ee-4f67-8dd1-a9f5ccc56355
DEBUG:root:Picking up order a2b13869-6b7e-4e35-8e11-fa9889d24073
DEBUG:root:Dispatch time for order d7864cd5-f557-4c3e-93d9-b3fb6bb4a37b is 3
DEBUG:root:Dispatch time for order 5f06be90-beac-4a51-a871-f8e324d38c3c is 4
DEBUG:root:Picking up order 68515b89-96bf-48b6-a07c-68cf17ca3c25
DEBUG:root:Picking up order 4d308771-a0d6-46e7-8ff1-679ddc1d1aa4
DEBUG:root:Dispatch time for order 90367105-ec26-41d8-a4a2-6c474d3f703b is 3
DEBUG:root:Dispatch time for order 05ef2197-5e9a-446b-825e-4d169bdf5670 is 2
DEBUG:root:Picking up order aba0fc48-ec05-422f-aad4-8b8ec4de636d
DEBUG:root:Picking up order caf107cc-e6d6-421c-9991-8bcfcc15d5c5
DEBUG:root:Picking up order 1fab9088-d99d-47ee-acf5-d0f0851738e4
DEBUG:root:Dispatch time for order 41330835-9221-483a-924f-08c7f664d656 is 5
DEBUG:root:Dispatch time for order 51754609-3f89-487b-9888-bac0a65f86e2 is 2
DEBUG:root:Picking up order 78b92574-49cd-4995-b5d0-635b3ced5a18
DEBUG:root:Picking up order d7864cd5-f557-4c3e-93d9-b3fb6bb4a37b
DEBUG:root:Picking up order 05ef2197-5e9a-446b-825e-4d169bdf5670
DEBUG:root:Dispatch time for order 3f0008f5-9429-4a16-ae44-f8f4256797ca is 4
DEBUG:root:Dispatch time for order c052077c-687d-4f24-b2e1-75edeee1186a is 2
DEBUG:root:Picking up order 5f06be90-beac-4a51-a871-f8e324d38c3c
DEBUG:root:Picking up order 90367105-ec26-41d8-a4a2-6c474d3f703b
DEBUG:root:Picking up order 51754609-3f89-487b-9888-bac0a65f86e2
DEBUG:root:Dispatch time for order 1b481a3e-84eb-4532-bd29-47f04e3e7adc is 5
DEBUG:root:Dispatch time for order b5d9491a-54b7-4916-a379-fed69d5d180d is 2
DEBUG:root:Picking up order c052077c-687d-4f24-b2e1-75edeee1186a
DEBUG:root:Dispatch time for order 7bdf9af2-d90e-44e2-9c6c-1ff7b5121133 is 2
DEBUG:root:Dispatch time for order 4b5793f3-2af5-4ac3-816a-7f9c6f91483c is 5
DEBUG:root:Picking up order b5d9491a-54b7-4916-a379-fed69d5d180d
DEBUG:root:Dispatch time for order 160ccc3a-af83-43e0-af0b-6a889aea7339 is 2
DEBUG:root:Dispatch time for order 3b9da9f3-2465-4fbc-84c5-5ecb9bd132b1 is 4
DEBUG:root:Picking up order 41330835-9221-483a-924f-08c7f664d656
DEBUG:root:Picking up order 3f0008f5-9429-4a16-ae44-f8f4256797ca
DEBUG:root:Picking up order 7bdf9af2-d90e-44e2-9c6c-1ff7b5121133
DEBUG:root:Dispatch time for order e6b72c73-fa53-4f2c-a004-0b60ba7b3be9 is 3
DEBUG:root:Dispatch time for order 4546646c-3ca5-4da6-9c60-312a897a6907 is 3
DEBUG:root:Picking up order 160ccc3a-af83-43e0-af0b-6a889aea7339
DEBUG:root:Dispatch time for order 8ea031b3-6545-4140-9dee-745268d7b877 is 2
DEBUG:root:Dispatch time for order 24f3e17b-eba0-409a-8630-463cb05d89c3 is 4
DEBUG:root:Picking up order 1b481a3e-84eb-4532-bd29-47f04e3e7adc
DEBUG:root:Dispatch time for order def3f65e-6ffb-4715-8561-ace9d312ddc5 is 5
DEBUG:root:Dispatch time for order 2c772706-189c-4ec4-80ad-06ea17f21f11 is 3
DEBUG:root:Picking up order 4b5793f3-2af5-4ac3-816a-7f9c6f91483c
DEBUG:root:Picking up order 3b9da9f3-2465-4fbc-84c5-5ecb9bd132b1
DEBUG:root:Picking up order e6b72c73-fa53-4f2c-a004-0b60ba7b3be9
DEBUG:root:Picking up order 4546646c-3ca5-4da6-9c60-312a897a6907
DEBUG:root:Picking up order 8ea031b3-6545-4140-9dee-745268d7b877
DEBUG:root:Dispatch time for order a0023411-c19d-4723-b6d1-6b8c8ff1b417 is 2
DEBUG:root:Dispatch time for order 46a4e47d-ccc1-4c88-a006-83930521899c is 2
DEBUG:root:Dispatch time for order e65ef8c8-d9e2-47cf-a6e2-ac976bcfdb9d is 4
DEBUG:root:Dispatch time for order 848dfc63-eab6-48b7-a2db-04d13190ce8c is 2
DEBUG:root:Picking up order 24f3e17b-eba0-409a-8630-463cb05d89c3
DEBUG:root:Picking up order 2c772706-189c-4ec4-80ad-06ea17f21f11
DEBUG:root:Picking up order a0023411-c19d-4723-b6d1-6b8c8ff1b417
DEBUG:root:Picking up order 46a4e47d-ccc1-4c88-a006-83930521899c
DEBUG:root:Dispatch time for order 42951124-c574-45a0-bddf-25e702c65914 is 2
DEBUG:root:Dispatch time for order df726ab4-a999-46b5-8e31-4a1bd523fcb9 is 4
DEBUG:root:Picking up order 848dfc63-eab6-48b7-a2db-04d13190ce8c
DEBUG:root:Dispatch time for order 5bb755b9-e6a8-4932-9139-bc04fafbc240 is 2
DEBUG:root:Dispatch time for order 58dbdb26-670c-4dac-b72c-21152f5d62e7 is 4
DEBUG:root:Picking up order def3f65e-6ffb-4715-8561-ace9d312ddc5
DEBUG:root:Picking up order 42951124-c574-45a0-bddf-25e702c65914
DEBUG:root:Dispatch time for order 4ed428d6-f247-451a-aebf-c5157b2eb502 is 4
DEBUG:root:Dispatch time for order 62e667ee-a86d-4be2-97f6-a6af60183e88 is 2
DEBUG:root:Picking up order e65ef8c8-d9e2-47cf-a6e2-ac976bcfdb9d
DEBUG:root:Picking up order 5bb755b9-e6a8-4932-9139-bc04fafbc240
DEBUG:root:Dispatch time for order df4e3e19-55d2-4131-8ab0-3563b44f8291 is 4
DEBUG:root:Dispatch time for order 44e6ea89-f11c-414d-aa72-7c10641eff8d is 2
DEBUG:root:Picking up order df726ab4-a999-46b5-8e31-4a1bd523fcb9
DEBUG:root:Picking up order 62e667ee-a86d-4be2-97f6-a6af60183e88
DEBUG:root:Dispatch time for order 48465fc7-d534-4b9b-b919-63e5beebd301 is 4
DEBUG:root:Dispatch time for order fb850bd3-728f-4118-a097-2bcf3a12c239 is 4
DEBUG:root:Picking up order 58dbdb26-670c-4dac-b72c-21152f5d62e7
DEBUG:root:Picking up order 44e6ea89-f11c-414d-aa72-7c10641eff8d
DEBUG:root:Dispatch time for order 8d6a4d1a-ca56-4567-b3aa-a1e3d20f8017 is 5
DEBUG:root:Dispatch time for order 68e83bf6-bdee-4192-8905-40140b421bc6 is 4
DEBUG:root:Picking up order 4ed428d6-f247-451a-aebf-c5157b2eb502
DEBUG:root:Dispatch time for order 0d74c9f0-4fd5-4606-a1dc-019d9ab52af6 is 3
DEBUG:root:Dispatch time for order 1b9a920d-2880-44a3-abba-20903f2690d6 is 4
DEBUG:root:Picking up order df4e3e19-55d2-4131-8ab0-3563b44f8291
DEBUG:root:Dispatch time for order c5ec5a4b-818e-4478-8956-019259be4168 is 3
DEBUG:root:Dispatch time for order 4c25f887-03cc-4dcd-9945-6a8102c5ef22 is 5
DEBUG:root:Picking up order 48465fc7-d534-4b9b-b919-63e5beebd301
DEBUG:root:Picking up order fb850bd3-728f-4118-a097-2bcf3a12c239
DEBUG:root:Dispatch time for order 7f2381be-5ab9-4385-a7a2-4a940a22e134 is 2
DEBUG:root:Dispatch time for order 75bef98f-89ba-4359-b738-b3184688ca7a is 2
DEBUG:root:Picking up order 68e83bf6-bdee-4192-8905-40140b421bc6
DEBUG:root:Picking up order 0d74c9f0-4fd5-4606-a1dc-019d9ab52af6
DEBUG:root:Dispatch time for order 60db864b-8270-43ef-9d91-985707390765 is 2
DEBUG:root:Dispatch time for order 22f532ca-dfc8-448a-9e04-7dcfa01a175e is 2
DEBUG:root:Picking up order 8d6a4d1a-ca56-4567-b3aa-a1e3d20f8017
DEBUG:root:Picking up order 1b9a920d-2880-44a3-abba-20903f2690d6
DEBUG:root:Picking up order c5ec5a4b-818e-4478-8956-019259be4168
DEBUG:root:Picking up order 7f2381be-5ab9-4385-a7a2-4a940a22e134
DEBUG:root:Picking up order 75bef98f-89ba-4359-b738-b3184688ca7a
DEBUG:root:Dispatch time for order a0d76390-3e71-440e-a742-20c36a67fa9a is 3
DEBUG:root:Dispatch time for order 020ad68f-da34-4eca-ae7e-3b67e80a299c is 4
DEBUG:root:Picking up order 60db864b-8270-43ef-9d91-985707390765
DEBUG:root:Picking up order 22f532ca-dfc8-448a-9e04-7dcfa01a175e
DEBUG:root:Dispatch time for order 2aab593e-1d1d-4a65-a582-2999f80c3dee is 2
DEBUG:root:Dispatch time for order 3447acdb-475a-400c-91e0-9724d2043e27 is 4
DEBUG:root:Picking up order 4c25f887-03cc-4dcd-9945-6a8102c5ef22
DEBUG:root:Dispatch time for order f6e68da8-9909-431e-bf1b-88367677a03e is 5
DEBUG:root:Dispatch time for order bcd22756-b3ac-473b-93fa-a19cf941bc40 is 5
DEBUG:root:Picking up order a0d76390-3e71-440e-a742-20c36a67fa9a
DEBUG:root:Picking up order 2aab593e-1d1d-4a65-a582-2999f80c3dee
DEBUG:root:Dispatch time for order 506a5c01-b06b-4af8-a1f2-913f9ae01078 is 2
DEBUG:root:Dispatch time for order 10ea72c1-b538-4eb8-b260-f58775481a0b is 5
DEBUG:root:Picking up order 020ad68f-da34-4eca-ae7e-3b67e80a299c
DEBUG:root:Dispatch time for order 5e9cb832-6a0a-49fa-8799-8d744b499fce is 2
DEBUG:root:Dispatch time for order a7d778ff-9711-4d3c-b370-6052965f64c0 is 5
DEBUG:root:Picking up order 3447acdb-475a-400c-91e0-9724d2043e27
DEBUG:root:Picking up order 506a5c01-b06b-4af8-a1f2-913f9ae01078
DEBUG:root:Dispatch time for order 40990373-5eac-4e15-9634-450886fe3374 is 5
DEBUG:root:Dispatch time for order 3ea0971e-2478-4545-b814-a857fb294a9d is 3
DEBUG:root:Picking up order 5e9cb832-6a0a-49fa-8799-8d744b499fce
DEBUG:root:Dispatch time for order 33bcf189-ba71-48ab-a2d5-75c18d180269 is 4
DEBUG:root:Dispatch time for order 22fc8ae6-74f7-467f-8735-774d579a2ae0 is 4
DEBUG:root:Picking up order f6e68da8-9909-431e-bf1b-88367677a03e
DEBUG:root:Picking up order bcd22756-b3ac-473b-93fa-a19cf941bc40
DEBUG:root:Dispatch time for order 19de820c-4691-420c-ad67-95ec7f5abc2d is 2
DEBUG:root:Dispatch time for order 3b62609c-38f2-499e-a9b1-c3604dad425d is 3
DEBUG:root:Picking up order 10ea72c1-b538-4eb8-b260-f58775481a0b
DEBUG:root:Picking up order 3ea0971e-2478-4545-b814-a857fb294a9d
DEBUG:root:Dispatch time for order df79a7e4-d3f9-450c-b2e3-316fb462db29 is 2
DEBUG:root:Dispatch time for order d5fbbee2-09a7-459e-9621-33a66cdbf3ab is 3
DEBUG:root:Picking up order a7d778ff-9711-4d3c-b370-6052965f64c0
DEBUG:root:Picking up order 19de820c-4691-420c-ad67-95ec7f5abc2d
DEBUG:root:Dispatch time for order 69ad8b1c-3218-4c41-aa42-5aca43ca4173 is 2
DEBUG:root:Dispatch time for order 68037649-56cd-4f0f-90fd-6e6ccbf61b37 is 3
DEBUG:root:Picking up order 40990373-5eac-4e15-9634-450886fe3374
DEBUG:root:Picking up order 33bcf189-ba71-48ab-a2d5-75c18d180269
DEBUG:root:Picking up order 22fc8ae6-74f7-467f-8735-774d579a2ae0
DEBUG:root:Picking up order 3b62609c-38f2-499e-a9b1-c3604dad425d
DEBUG:root:Picking up order df79a7e4-d3f9-450c-b2e3-316fb462db29
DEBUG:root:Dispatch time for order 5bd1e697-10b2-48cf-83c4-033eea97bfb2 is 2
DEBUG:root:Dispatch time for order 228ec414-19ca-41e4-8d6c-bd2b0662bfa3 is 2
DEBUG:root:Picking up order d5fbbee2-09a7-459e-9621-33a66cdbf3ab
DEBUG:root:Picking up order 69ad8b1c-3218-4c41-aa42-5aca43ca4173
DEBUG:root:Dispatch time for order b1315bfb-4528-4ae2-b6ed-adb03a25b94a is 5
DEBUG:root:Dispatch time for order eafcb22b-0f68-4773-80ba-f163b191578f is 3
DEBUG:root:Picking up order 68037649-56cd-4f0f-90fd-6e6ccbf61b37
DEBUG:root:Picking up order 5bd1e697-10b2-48cf-83c4-033eea97bfb2
DEBUG:root:Picking up order 228ec414-19ca-41e4-8d6c-bd2b0662bfa3
DEBUG:root:Dispatch time for order b25914fa-c5b0-4aa6-a0f5-fcc76203bba5 is 3
DEBUG:root:Dispatch time for order 03267ca9-47fd-4d16-bba7-a650cc7660b6 is 2
DEBUG:root:Dispatch time for order 9012736d-777b-4f5b-a12d-982e302fefa1 is 5
DEBUG:root:Dispatch time for order f21bf58b-e23b-491f-a285-d70cb21cc36f is 4
DEBUG:root:Picking up order eafcb22b-0f68-4773-80ba-f163b191578f
DEBUG:root:Picking up order 03267ca9-47fd-4d16-bba7-a650cc7660b6
DEBUG:root:Dispatch time for order 057bc043-5f22-4169-9711-c6e2488b35f7 is 4
DEBUG:root:Dispatch time for order 7f682ade-8375-4ef4-aa9b-45440f361268 is 4
DEBUG:root:Picking up order b25914fa-c5b0-4aa6-a0f5-fcc76203bba5
DEBUG:root:Dispatch time for order 0d841704-92a0-44e1-aaf8-02a8ee920775 is 4
DEBUG:root:Dispatch time for order 7f89b973-d4fd-4d6e-a279-afc2db6b3304 is 2
DEBUG:root:Picking up order b1315bfb-4528-4ae2-b6ed-adb03a25b94a
DEBUG:root:Dispatch time for order 2a23c77f-3ee3-4a52-8810-93e73df4e887 is 4
DEBUG:root:Dispatch time for order 4f304b59-6634-4558-a128-a8ce12b1f818 is 2
DEBUG:root:Picking up order f21bf58b-e23b-491f-a285-d70cb21cc36f
DEBUG:root:Picking up order 7f89b973-d4fd-4d6e-a279-afc2db6b3304
DEBUG:root:Picking up order 9012736d-777b-4f5b-a12d-982e302fefa1
DEBUG:root:Picking up order 057bc043-5f22-4169-9711-c6e2488b35f7
DEBUG:root:Picking up order 7f682ade-8375-4ef4-aa9b-45440f361268
DEBUG:root:Picking up order 4f304b59-6634-4558-a128-a8ce12b1f818
DEBUG:root:Picking up order 0d841704-92a0-44e1-aaf8-02a8ee920775
DEBUG:root:Picking up order 2a23c77f-3ee3-4a52-8810-93e73df4e887
